TN:
SF:game/grid.js
FN:7,createGrid
FN:8,(anonymous_1)
FN:19,isValidMove
FN:55,mergePiece
FN:56,(anonymous_4)
FN:86,clearLines
FN:87,(anonymous_6)
FN:104,calculateSpectre
FN:116,addPenaltyLines
FNF:9
FNH:9
FNDA:6,createGrid
FNDA:120,(anonymous_1)
FNDA:5,isValidMove
FNDA:2,mergePiece
FNDA:40,(anonymous_4)
FNDA:2,clearLines
FNDA:40,(anonymous_6)
FNDA:2,calculateSpectre
FNDA:1,addPenaltyLines
DA:1,6
DA:2,6
DA:8,120
DA:20,5
DA:21,5
DA:23,5
DA:24,9
DA:25,16
DA:26,16
DA:27,16
DA:29,16
DA:37,3
DA:43,2
DA:56,40
DA:57,2
DA:59,2
DA:60,2
DA:61,6
DA:62,6
DA:63,6
DA:64,6
DA:68,5
DA:69,5
DA:70,5
DA:77,2
DA:87,2
DA:88,40
DA:91,2
DA:92,2
DA:93,2
DA:95,2
DA:105,2
DA:106,2
DA:107,20
DA:108,20
DA:109,385
DA:111,20
DA:113,2
DA:117,1
DA:118,1
DA:120,1
DA:121,3
DA:122,3
DA:123,3
DA:124,3
DA:125,3
DA:129,1
DA:130,0
DA:133,1
DA:134,1
DA:145,6
LF:51
LH:50
BRDA:20,0,0,0
BRDA:20,0,1,5
BRDA:20,1,0,5
BRDA:20,1,1,5
BRDA:25,2,0,16
BRDA:25,2,1,0
BRDA:29,3,0,3
BRDA:29,3,1,13
BRDA:30,4,0,16
BRDA:30,4,1,16
BRDA:30,4,2,15
BRDA:30,4,3,14
BRDA:30,4,4,14
BRDA:30,4,5,13
BRDA:61,5,0,6
BRDA:61,5,1,0
BRDA:64,6,0,5
BRDA:64,6,1,1
BRDA:65,7,0,6
BRDA:65,7,1,6
BRDA:65,7,2,6
BRDA:65,7,3,6
BRDA:69,8,0,5
BRDA:69,8,1,0
BRDA:88,9,0,40
BRDA:88,9,1,3
BRDA:108,10,0,405
BRDA:108,10,1,386
BRDA:111,11,0,19
BRDA:111,11,1,1
BRF:30
BRH:26
end_of_record
